<?xml version="1.0" encoding="UTF-8"?>
<!-- Generated by org.testng.reporters.JUnitReportReporter -->
<testsuite hostname="MSI" failures="0" tests="19" name="tests.BaseClass" time="58.963" errors="0" timestamp="2025-10-06T15:25:37 IST" skipped="0">
  <testcase classname="tests.BaseClass" name="clickAllowButton" time="4.199"/>
  <testcase classname="tests.BaseClass" name="clickAllowButtongiven" time="1.565"/>
  <testcase classname="tests.BaseClass" name="clickNextButton" time="7.142"/>
  <testcase classname="tests.BaseClass" name="clickDocumentHome" time="2.934"/>
  <testcase classname="tests.BaseClass" name="openvideo" time="1.583"/>
  <testcase classname="tests.BaseClass" name="clicktutorial" time="3.650"/>
  <testcase classname="tests.BaseClass" name="controllerEnable" time="0.594"/>
  <testcase classname="tests.BaseClass" name="playandpausevideo" time="2.198"/>
  <testcase classname="tests.BaseClass" name="takescreenShot" time="1.173"/>
  <testcase classname="tests.BaseClass" name="controllerEnable1" time="1.798"/>
  <testcase classname="tests.BaseClass" name="videoplayerscreenbaackbtn" time="1.929"/>
  <testcase classname="tests.BaseClass" name="clickDocumentBackbtn" time="1.408"/>
  <testcase classname="tests.BaseClass" name="handleRatingOrNotification" time="1.683"/>
  <testcase classname="tests.BaseClass" name="clicknotificationPermission" time="2.400"/>
  <testcase classname="tests.BaseClass" name="allowNotificationPermission" time="11.111"/>
  <testcase classname="tests.BaseClass" name="profile" time="1.451"/>
  <testcase classname="tests.BaseClass" name="Setting" time="5.975"/>
  <testcase classname="tests.BaseClass" name="pressBack" time="5.816"/>
  <testcase classname="tests.BaseClass" name="Exitbtn" time="0.354"/>
</testsuite> <!-- tests.BaseClass -->
